[12:53:30.403][info] [#0:/home/sn1peR/.local/share/nvim/mason/packages/lua-language-server/libexec/main.lua:66]: Lua Lsp startup, root: 	/home/sn1peR/.local/share/nvim/mason/packages/lua-language-server/libexec
[12:53:30.403][info] [#0:/home/sn1peR/.local/share/nvim/mason/packages/lua-language-server/libexec/main.lua:67]: ROOT:	/home/sn1peR/.local/share/nvim/mason/packages/lua-language-server/libexec
[12:53:30.403][info] [#0:/home/sn1peR/.local/share/nvim/mason/packages/lua-language-server/libexec/main.lua:68]: LOGPATH:	/home/sn1peR/.local/share/nvim/mason/packages/lua-language-server/libexec/log
[12:53:30.403][info] [#0:/home/sn1peR/.local/share/nvim/mason/packages/lua-language-server/libexec/main.lua:69]: METAPATH:	/home/sn1peR/.local/share/nvim/mason/packages/lua-language-server/libexec/meta
[12:53:30.403][info] [#0:/home/sn1peR/.local/share/nvim/mason/packages/lua-language-server/libexec/main.lua:70]: VERSION:	3.7.4
[12:53:30.420][info] [#0:script/service/service.lua:144]: 
========= Medical Examination Report =========
    --------------- Memory ---------------
        Total: 1.345 MB
        # 00 : 1.345 MB
        # 01 : 0.000 MB
        # 02 : 0.000 MB
        # 03 : 0.000 MB
        # 04 : 0.000 MB
    --------------- Coroutine ---------------
        Total:     0
        Running:   0
        Suspended: 0
        Normal:    0
        Dead:      0
    --------------- Cache ---------------
        Total: 1
        Dead:  0
    ---------------  RPC  ---------------
        Holdon:   0
        Waiting:  0
==============================================
[12:53:30.422][info] [#0:script/client.lua:657]: Client init	{
  capabilities = {
    textDocument = {
      callHierarchy = {
        dynamicRegistration = false
      },
      codeAction = {
        codeActionLiteralSupport = {
          codeActionKind = {
            valueSet = { "", "quickfix", "refactor", "refactor.extract", "refactor.inline", "refactor.rewrite", "source", "source.organizeImports" }
          }
        },
        dataSupport = true,
        dynamicRegistration = false,
        isPreferredSupport = true,
        resolveSupport = {
          properties = { "edit" }
        }
      },
      completion = {
        completionItem = {
          commitCharactersSupport = true,
          deprecatedSupport = true,
          documentationFormat = { "markdown", "plaintext" },
          insertReplaceSupport = true,
          insertTextModeSupport = {
            valueSet = { 1, 2 }
          },
          labelDetailsSupport = true,
          preselectSupport = true,
          resolveSupport = {
            properties = { "documentation", "detail", "additionalTextEdits", "sortText", "filterText", "insertText", "textEdit", "insertTextFormat", "insertTextMode" }
          },
          snippetSupport = true,
          tagSupport = {
            valueSet = { 1 }
          }
        },
        completionItemKind = {
          valueSet = { 1, 2, 3, 4, 5, 6, 7, 8, 9, 10, 11, 12, 13, 14, 15, 16, 17, 18, 19, 20, 21, 22, 23, 24, 25 }
        },
        completionList = {
          itemDefaults = { "commitCharacters", "editRange", "insertTextFormat", "insertTextMode", "data" }
        },
        contextSupport = true,
        dynamicRegistration = false,
        insertTextMode = 1
      },
      declaration = {
        linkSupport = true
      },
      definition = {
        linkSupport = true
      },
      documentHighlight = {
        dynamicRegistration = false
      },
      documentSymbol = {
        dynamicRegistration = false,
        hierarchicalDocumentSymbolSupport = true,
        symbolKind = {
          valueSet = { 1, 2, 3, 4, 5, 6, 7, 8, 9, 10, 11, 12, 13, 14, 15, 16, 17, 18, 19, 20, 21, 22, 23, 24, 25, 26 }
        }
      },
      hover = {
        contentFormat = { "markdown", "plaintext" },
        dynamicRegistration = false
      },
      implementation = {
        linkSupport = true
      },
      publishDiagnostics = {
        relatedInformation = true,
        tagSupport = {
          valueSet = { 1, 2 }
        }
      },
      references = {
        dynamicRegistration = false
      },
      rename = {
        dynamicRegistration = false,
        prepareSupport = true
      },
      semanticTokens = {
        augmentsSyntaxTokens = true,
        dynamicRegistration = false,
        formats = { "relative" },
        multilineTokenSupport = false,
        overlappingTokenSupport = true,
        requests = {
          full = {
            delta = true
          },
          range = false
        },
        serverCancelSupport = false,
        tokenModifiers = { "declaration", "definition", "readonly", "static", "deprecated", "abstract", "async", "modification", "documentation", "defaultLibrary" },
        tokenTypes = { "namespace", "type", "class", "enum", "interface", "struct", "typeParameter", "parameter", "variable", "property", "enumMember", "event", "function", "method", "macro", "keyword", "modifier", "comment", "string", "number", "regexp", "operator", "decorator" }
      },
      signatureHelp = {
        dynamicRegistration = false,
        signatureInformation = {
          activeParameterSupport = true,
          documentationFormat = { "markdown", "plaintext" },
          parameterInformation = {
            labelOffsetSupport = true
          }
        }
      },
      synchronization = {
        didSave = true,
        dynamicRegistration = false,
        willSave = true,
        willSaveWaitUntil = true
      },
      typeDefinition = {
        linkSupport = true
      }
    },
    window = {
      showDocument = {
        support = true
      },
      showMessage = {
        messageActionItem = {
          additionalPropertiesSupport = false
        }
      },
      workDoneProgress = true
    },
    workspace = {
      applyEdit = true,
      configuration = true,
      didChangeWatchedFiles = {
        dynamicRegistration = false,
        relativePatternSupport = true
      },
      semanticTokens = {
        refreshSupport = true
      },
      symbol = {
        dynamicRegistration = false,
        hierarchicalWorkspaceSymbolSupport = true,
        symbolKind = {
          valueSet = { 1, 2, 3, 4, 5, 6, 7, 8, 9, 10, 11, 12, 13, 14, 15, 16, 17, 18, 19, 20, 21, 22, 23, 24, 25, 26 }
        }
      },
      workspaceEdit = {
        resourceOperations = { "rename", "create", "delete" }
      },
      workspaceFolders = true
    }
  },
  clientInfo = {
    name = "Neovim",
    version = "0.9.0"
  },
  initializationOptions = {},
  processId = 15594,
  rootPath = "/home/sn1peR/.config/nvim/lua/",
  rootUri = "file:///home/sn1peR/.config/nvim/lua/",
  trace = "off",
  workspaceFolders = { {
      name = "/home/sn1peR/.config/nvim/lua/",
      uri = "file:///home/sn1peR/.config/nvim/lua/"
    } }
}
[12:53:30.422][info] [#0:script/language.lua:137]: VSC language: nil
[12:53:30.422][info] [#0:script/language.lua:138]: LS  language: en-us
[12:53:30.422][info] [#0:script/workspace/workspace.lua:38]: Workspace init root: 	file:///home/sn1peR/.config/nvim/lua/
[12:53:30.422][info] [#0:script/workspace/workspace.lua:42]: Log path: 	/home/sn1peR/.local/share/nvim/mason/packages/lua-language-server/libexec/log/file_home_sn1peR_.config_nvim_lua_.log
[12:53:30.423][info] [#0:script/workspace/workspace.lua:48]: Workspace create: 	file:///home/sn1peR/.config/nvim/lua/
[12:53:30.524][info] [#0:script/provider/provider.lua:46]: Load config from client	file:///home/sn1peR/.config/nvim/lua/
[12:53:30.524][info] [#0:script/provider/provider.lua:47]: {
  Lua = {
    diagnostics = {
      globals = { "vim" }
    },
    runtime = {
      path = { "./?.lua", "/home/runner/work/neovim/neovim/.deps/usr/share/luajit-2.1.0-beta3/?.lua", "/usr/local/share/lua/5.1/?.lua", "/usr/local/share/lua/5.1/?/init.lua", "/home/runner/work/neovim/neovim/.deps/usr/share/lua/5.1/?.lua", "/home/runner/work/neovim/neovim/.deps/usr/share/lua/5.1/?/init.lua", "/home/sn1peR/.cache/nvim/packer_hererocks/2.1.0-beta3/share/lua/5.1/?.lua", "/home/sn1peR/.cache/nvim/packer_hererocks/2.1.0-beta3/share/lua/5.1/?/init.lua", "/home/sn1peR/.cache/nvim/packer_hererocks/2.1.0-beta3/lib/luarocks/rocks-5.1/?.lua", "/home/sn1peR/.cache/nvim/packer_hererocks/2.1.0-beta3/lib/luarocks/rocks-5.1/?/init.lua", "lua/?.lua", "lua/?/init.lua" },
      version = "LuaJIT"
    },
    telemetry = {
      enable = false
    },
    workspace = {
      checkThirdParty = false,
      library = { "/home/sn1peR/nvim-linux64/share/nvim/runtime/lua", "/home/sn1peR/.config/nvim/lua" }
    }
  }
}
[12:53:30.524][info] [#0:script/provider/provider.lua:46]: Load config from client	file:///home/sn1peR/.config/nvim/lua/
[12:53:30.524][info] [#0:script/provider/provider.lua:47]: {
  Lua = {
    diagnostics = {
      globals = { "vim" }
    },
    runtime = {
      path = { "./?.lua", "/home/runner/work/neovim/neovim/.deps/usr/share/luajit-2.1.0-beta3/?.lua", "/usr/local/share/lua/5.1/?.lua", "/usr/local/share/lua/5.1/?/init.lua", "/home/runner/work/neovim/neovim/.deps/usr/share/lua/5.1/?.lua", "/home/runner/work/neovim/neovim/.deps/usr/share/lua/5.1/?/init.lua", "/home/sn1peR/.cache/nvim/packer_hererocks/2.1.0-beta3/share/lua/5.1/?.lua", "/home/sn1peR/.cache/nvim/packer_hererocks/2.1.0-beta3/share/lua/5.1/?/init.lua", "/home/sn1peR/.cache/nvim/packer_hererocks/2.1.0-beta3/lib/luarocks/rocks-5.1/?.lua", "/home/sn1peR/.cache/nvim/packer_hererocks/2.1.0-beta3/lib/luarocks/rocks-5.1/?/init.lua", "lua/?.lua", "lua/?/init.lua" },
      version = "LuaJIT"
    },
    telemetry = {
      enable = false
    },
    workspace = {
      checkThirdParty = false,
      library = { "/home/sn1peR/nvim-linux64/share/nvim/runtime/lua", "/home/sn1peR/.config/nvim/lua" }
    }
  }
}
[12:53:30.524][info] [#0:script/provider/provider.lua:46]: Load config from client	file:///home/sn1peR/.config/nvim/lua/
[12:53:30.524][info] [#0:script/provider/provider.lua:47]: {
  Lua = {
    diagnostics = {
      globals = { "vim" }
    },
    runtime = {
      path = { "./?.lua", "/home/runner/work/neovim/neovim/.deps/usr/share/luajit-2.1.0-beta3/?.lua", "/usr/local/share/lua/5.1/?.lua", "/usr/local/share/lua/5.1/?/init.lua", "/home/runner/work/neovim/neovim/.deps/usr/share/lua/5.1/?.lua", "/home/runner/work/neovim/neovim/.deps/usr/share/lua/5.1/?/init.lua", "/home/sn1peR/.cache/nvim/packer_hererocks/2.1.0-beta3/share/lua/5.1/?.lua", "/home/sn1peR/.cache/nvim/packer_hererocks/2.1.0-beta3/share/lua/5.1/?/init.lua", "/home/sn1peR/.cache/nvim/packer_hererocks/2.1.0-beta3/lib/luarocks/rocks-5.1/?.lua", "/home/sn1peR/.cache/nvim/packer_hererocks/2.1.0-beta3/lib/luarocks/rocks-5.1/?/init.lua", "lua/?.lua", "lua/?/init.lua" },
      version = "LuaJIT"
    },
    telemetry = {
      enable = false
    },
    workspace = {
      checkThirdParty = false,
      library = { "/home/sn1peR/nvim-linux64/share/nvim/runtime/lua", "/home/sn1peR/.config/nvim/lua" }
    }
  }
}
[12:53:30.525][info] [#0:script/provider/provider.lua:61]: Load config from client	fallback
[12:53:30.525][info] [#0:script/provider/provider.lua:62]: {
  Lua = {
    diagnostics = {
      globals = { "vim" }
    },
    runtime = {
      path = { "./?.lua", "/home/runner/work/neovim/neovim/.deps/usr/share/luajit-2.1.0-beta3/?.lua", "/usr/local/share/lua/5.1/?.lua", "/usr/local/share/lua/5.1/?/init.lua", "/home/runner/work/neovim/neovim/.deps/usr/share/lua/5.1/?.lua", "/home/runner/work/neovim/neovim/.deps/usr/share/lua/5.1/?/init.lua", "/home/sn1peR/.cache/nvim/packer_hererocks/2.1.0-beta3/share/lua/5.1/?.lua", "/home/sn1peR/.cache/nvim/packer_hererocks/2.1.0-beta3/share/lua/5.1/?/init.lua", "/home/sn1peR/.cache/nvim/packer_hererocks/2.1.0-beta3/lib/luarocks/rocks-5.1/?.lua", "/home/sn1peR/.cache/nvim/packer_hererocks/2.1.0-beta3/lib/luarocks/rocks-5.1/?/init.lua", "lua/?.lua", "lua/?/init.lua" },
      version = "LuaJIT"
    },
    telemetry = {
      enable = false
    },
    workspace = {
      checkThirdParty = false,
      library = { "/home/sn1peR/nvim-linux64/share/nvim/runtime/lua", "/home/sn1peR/.config/nvim/lua" }
    }
  }
}
[12:53:30.525][info] [#0:script/provider/provider.lua:61]: Load config from client	fallback
[12:53:30.525][info] [#0:script/provider/provider.lua:62]: {
  Lua = {
    diagnostics = {
      globals = { "vim" }
    },
    runtime = {
      path = { "./?.lua", "/home/runner/work/neovim/neovim/.deps/usr/share/luajit-2.1.0-beta3/?.lua", "/usr/local/share/lua/5.1/?.lua", "/usr/local/share/lua/5.1/?/init.lua", "/home/runner/work/neovim/neovim/.deps/usr/share/lua/5.1/?.lua", "/home/runner/work/neovim/neovim/.deps/usr/share/lua/5.1/?/init.lua", "/home/sn1peR/.cache/nvim/packer_hererocks/2.1.0-beta3/share/lua/5.1/?.lua", "/home/sn1peR/.cache/nvim/packer_hererocks/2.1.0-beta3/share/lua/5.1/?/init.lua", "/home/sn1peR/.cache/nvim/packer_hererocks/2.1.0-beta3/lib/luarocks/rocks-5.1/?.lua", "/home/sn1peR/.cache/nvim/packer_hererocks/2.1.0-beta3/lib/luarocks/rocks-5.1/?/init.lua", "lua/?.lua", "lua/?/init.lua" },
      version = "LuaJIT"
    },
    telemetry = {
      enable = false
    },
    workspace = {
      checkThirdParty = false,
      library = { "/home/sn1peR/nvim-linux64/share/nvim/runtime/lua", "/home/sn1peR/.config/nvim/lua" }
    }
  }
}
[12:53:30.525][info] [#0:script/provider/provider.lua:61]: Load config from client	fallback
[12:53:30.525][info] [#0:script/provider/provider.lua:62]: {
  Lua = {
    diagnostics = {
      globals = { "vim" }
    },
    runtime = {
      path = { "./?.lua", "/home/runner/work/neovim/neovim/.deps/usr/share/luajit-2.1.0-beta3/?.lua", "/usr/local/share/lua/5.1/?.lua", "/usr/local/share/lua/5.1/?/init.lua", "/home/runner/work/neovim/neovim/.deps/usr/share/lua/5.1/?.lua", "/home/runner/work/neovim/neovim/.deps/usr/share/lua/5.1/?/init.lua", "/home/sn1peR/.cache/nvim/packer_hererocks/2.1.0-beta3/share/lua/5.1/?.lua", "/home/sn1peR/.cache/nvim/packer_hererocks/2.1.0-beta3/share/lua/5.1/?/init.lua", "/home/sn1peR/.cache/nvim/packer_hererocks/2.1.0-beta3/lib/luarocks/rocks-5.1/?.lua", "/home/sn1peR/.cache/nvim/packer_hererocks/2.1.0-beta3/lib/luarocks/rocks-5.1/?/init.lua", "lua/?.lua", "lua/?/init.lua" },
      version = "LuaJIT"
    },
    telemetry = {
      enable = false
    },
    workspace = {
      checkThirdParty = false,
      library = { "/home/sn1peR/nvim-linux64/share/nvim/runtime/lua", "/home/sn1peR/.config/nvim/lua" }
    }
  }
}
[12:53:30.625][info] [#0:script/library.lua:212]: Init builtin library at:	file:///home/sn1peR/.config/nvim/lua/
[12:53:30.639][info] [#0:script/plugin.lua:86]: plugin path:	/home/sn1peR/.config/nvim/lua
[12:53:30.639][warn] [#0:script/plugin.lua:101]: plugin not found:	/home/sn1peR/.config/nvim/lua
[12:53:30.639][info] [#0:script/library.lua:212]: Init builtin library at:	nil
[12:53:30.747][info] [#0:script/workspace/workspace.lua:324]: Preload start:	file:///home/sn1peR/.config/nvim/lua/
[12:53:30.749][info] [#0:script/workspace/workspace.lua:330]: Scan files at:	file:///home/sn1peR/.config/nvim/lua/
[12:53:30.749][info] [#0:script/workspace/workspace.lua:324]: Preload start:	<fallback>
[12:53:30.750][info] [#0:script/workspace/workspace.lua:353]: Scan library at:	file:///home/sn1peR/.local/share/nvim/mason/packages/lua-language-server/libexec/meta/LuaJIT%20en-us%20utf8/jit/profile.lua
[12:53:30.752][info] [#0:script/workspace/workspace.lua:353]: Scan library at:	file:///home/sn1peR/.local/share/nvim/mason/packages/lua-language-server/libexec/meta/LuaJIT%20en-us%20utf8/table/clear.lua
[12:53:30.752][info] [#0:script/workspace/workspace.lua:353]: Scan library at:	file:///home/sn1peR/.local/share/nvim/mason/packages/lua-language-server/libexec/meta/LuaJIT%20en-us%20utf8/ffi.lua
[12:53:30.752][info] [#0:script/workspace/workspace.lua:353]: Scan library at:	file:///home/sn1peR/.local/share/nvim/mason/packages/lua-language-server/libexec/meta/LuaJIT%20en-us%20utf8/jit/profile.lua
[12:53:30.752][info] [#0:script/workspace/workspace.lua:353]: Scan library at:	file:///home/sn1peR/.local/share/nvim/mason/packages/lua-language-server/libexec/meta/LuaJIT%20en-us%20utf8/basic.lua
[12:53:30.752][info] [#0:script/workspace/workspace.lua:353]: Scan library at:	file:///home/sn1peR/.local/share/nvim/mason/packages/lua-language-server/libexec/meta/LuaJIT%20en-us%20utf8/table/clear.lua
[12:53:30.752][info] [#0:script/workspace/workspace.lua:353]: Scan library at:	file:///home/sn1peR/.local/share/nvim/mason/packages/lua-language-server/libexec/meta/LuaJIT%20en-us%20utf8/jit.lua
[12:53:30.752][info] [#0:script/workspace/workspace.lua:353]: Scan library at:	file:///home/sn1peR/.local/share/nvim/mason/packages/lua-language-server/libexec/meta/LuaJIT%20en-us%20utf8/ffi.lua
[12:53:30.752][info] [#0:script/workspace/workspace.lua:353]: Scan library at:	file:///home/sn1peR/.local/share/nvim/mason/packages/lua-language-server/libexec/meta/LuaJIT%20en-us%20utf8/debug.lua
[12:53:30.752][info] [#0:script/workspace/workspace.lua:353]: Scan library at:	file:///home/sn1peR/.local/share/nvim/mason/packages/lua-language-server/libexec/meta/LuaJIT%20en-us%20utf8/basic.lua
[12:53:30.753][info] [#0:script/workspace/workspace.lua:353]: Scan library at:	file:///home/sn1peR/.local/share/nvim/mason/packages/lua-language-server/libexec/meta/LuaJIT%20en-us%20utf8/string/buffer.lua
[12:53:30.753][info] [#0:script/workspace/workspace.lua:353]: Scan library at:	file:///home/sn1peR/.local/share/nvim/mason/packages/lua-language-server/libexec/meta/LuaJIT%20en-us%20utf8/jit.lua
[12:53:30.753][info] [#0:script/workspace/workspace.lua:353]: Scan library at:	file:///home/sn1peR/.local/share/nvim/mason/packages/lua-language-server/libexec/meta/LuaJIT%20en-us%20utf8/table/new.lua
[12:53:30.753][info] [#0:script/workspace/workspace.lua:353]: Scan library at:	file:///home/sn1peR/.local/share/nvim/mason/packages/lua-language-server/libexec/meta/LuaJIT%20en-us%20utf8/debug.lua
[12:53:30.753][info] [#0:script/workspace/workspace.lua:353]: Scan library at:	file:///home/sn1peR/.local/share/nvim/mason/packages/lua-language-server/libexec/meta/LuaJIT%20en-us%20utf8/bit.lua
[12:53:30.753][info] [#0:script/workspace/workspace.lua:353]: Scan library at:	file:///home/sn1peR/.local/share/nvim/mason/packages/lua-language-server/libexec/meta/LuaJIT%20en-us%20utf8/string/buffer.lua
[12:53:30.753][info] [#0:script/workspace/workspace.lua:353]: Scan library at:	file:///home/sn1peR/.local/share/nvim/mason/packages/lua-language-server/libexec/meta/LuaJIT%20en-us%20utf8/string.lua
[12:53:30.753][info] [#0:script/workspace/workspace.lua:353]: Scan library at:	file:///home/sn1peR/.local/share/nvim/mason/packages/lua-language-server/libexec/meta/LuaJIT%20en-us%20utf8/table/new.lua
[12:53:30.753][info] [#0:script/workspace/workspace.lua:353]: Scan library at:	file:///home/sn1peR/.config/nvim/lua
[12:53:30.753][info] [#0:script/workspace/workspace.lua:353]: Scan library at:	file:///home/sn1peR/.local/share/nvim/mason/packages/lua-language-server/libexec/meta/LuaJIT%20en-us%20utf8/bit.lua
[12:53:30.753][info] [#0:script/workspace/workspace.lua:353]: Scan library at:	file:///home/sn1peR/.local/share/nvim/mason/packages/lua-language-server/libexec/meta/LuaJIT%20en-us%20utf8/string.lua
[12:53:30.753][info] [#0:script/workspace/workspace.lua:353]: Scan library at:	file:///home/sn1peR/.config/nvim/lua
[12:53:30.753][info] [#0:script/workspace/workspace.lua:353]: Scan library at:	file:///home/sn1peR/.local/share/nvim/mason/packages/lua-language-server/libexec/meta/LuaJIT%20en-us%20utf8/package.lua
[12:53:30.753][info] [#0:script/workspace/workspace.lua:353]: Scan library at:	file:///home/sn1peR/.local/share/nvim/mason/packages/lua-language-server/libexec/meta/LuaJIT%20en-us%20utf8/jit/util.lua
[12:53:30.753][info] [#0:script/workspace/workspace.lua:353]: Scan library at:	file:///home/sn1peR/.local/share/nvim/mason/packages/lua-language-server/libexec/meta/LuaJIT%20en-us%20utf8/io.lua
[12:53:30.753][info] [#0:script/workspace/workspace.lua:353]: Scan library at:	file:///home/sn1peR/.local/share/nvim/mason/packages/lua-language-server/libexec/meta/LuaJIT%20en-us%20utf8/package.lua
[12:53:30.753][info] [#0:script/workspace/workspace.lua:353]: Scan library at:	file:///home/sn1peR/.local/share/nvim/mason/packages/lua-language-server/libexec/meta/LuaJIT%20en-us%20utf8/table.lua
[12:53:30.753][info] [#0:script/workspace/workspace.lua:353]: Scan library at:	file:///home/sn1peR/.local/share/nvim/mason/packages/lua-language-server/libexec/meta/LuaJIT%20en-us%20utf8/jit/util.lua
[12:53:30.754][info] [#0:script/workspace/workspace.lua:353]: Scan library at:	file:///home/sn1peR/.local/share/nvim/mason/packages/lua-language-server/libexec/meta/LuaJIT%20en-us%20utf8/os.lua
[12:53:30.754][info] [#0:script/workspace/workspace.lua:353]: Scan library at:	file:///home/sn1peR/.local/share/nvim/mason/packages/lua-language-server/libexec/meta/LuaJIT%20en-us%20utf8/io.lua
[12:53:30.754][info] [#0:script/workspace/workspace.lua:353]: Scan library at:	file:///home/sn1peR/nvim-linux64/share/nvim/runtime/lua
[12:53:30.755][info] [#0:script/workspace/workspace.lua:353]: Scan library at:	file:///home/sn1peR/.local/share/nvim/mason/packages/lua-language-server/libexec/meta/LuaJIT%20en-us%20utf8/table.lua
[12:53:30.755][info] [#0:script/workspace/workspace.lua:353]: Scan library at:	file:///home/sn1peR/.local/share/nvim/mason/packages/lua-language-server/libexec/meta/LuaJIT%20en-us%20utf8/os.lua
[12:53:30.755][info] [#0:script/workspace/workspace.lua:353]: Scan library at:	file:///home/sn1peR/nvim-linux64/share/nvim/runtime/lua
[12:53:30.757][info] [#0:script/workspace/workspace.lua:353]: Scan library at:	file:///home/sn1peR/.local/share/nvim/mason/packages/lua-language-server/libexec/meta/LuaJIT%20en-us%20utf8/builtin.lua
[12:53:30.757][info] [#0:script/workspace/workspace.lua:353]: Scan library at:	file:///home/sn1peR/.local/share/nvim/mason/packages/lua-language-server/libexec/meta/LuaJIT%20en-us%20utf8/coroutine.lua
[12:53:30.757][info] [#0:script/workspace/workspace.lua:353]: Scan library at:	file:///home/sn1peR/.local/share/nvim/mason/packages/lua-language-server/libexec/meta/LuaJIT%20en-us%20utf8/math.lua
[12:53:30.757][info] [#0:script/workspace/workspace.lua:353]: Scan library at:	file:///home/sn1peR/.local/share/nvim/mason/packages/lua-language-server/libexec/meta/LuaJIT%20en-us%20utf8/builtin.lua
[12:53:30.757][info] [#0:script/workspace/workspace.lua:353]: Scan library at:	file:///home/sn1peR/.local/share/nvim/mason/packages/lua-language-server/libexec/meta/LuaJIT%20en-us%20utf8/coroutine.lua
[12:53:30.757][info] [#0:script/workspace/workspace.lua:353]: Scan library at:	file:///home/sn1peR/.local/share/nvim/mason/packages/lua-language-server/libexec/meta/LuaJIT%20en-us%20utf8/math.lua
[12:53:30.857][info] [#0:script/workspace/workspace.lua:379]: Found 72 files at:	<fallback>
[12:53:30.857][info] [#0:script/workspace/loading.lua:161]: Load files from disk:	<fallback>
[12:53:30.857][info] [#0:script/workspace/workspace.lua:379]: Found 75 files at:	file:///home/sn1peR/.config/nvim/lua/
[12:53:30.857][info] [#0:script/workspace/loading.lua:161]: Load files from disk:	file:///home/sn1peR/.config/nvim/lua/
[12:53:30.858][info] [#0:script/workspace/loading.lua:101]: Preload file at: file:///home/sn1peR/.local/share/nvim/mason/packages/lua-language-server/libexec/meta/LuaJIT%20en-us%20utf8/math.lua , size = 7.949 KB
[12:53:30.861][info] [#0:script/workspace/loading.lua:113]: ++++As library of:	file:///home/sn1peR/.local/share/nvim/mason/packages/lua-language-server/libexec/meta/LuaJIT%20en-us%20utf8/math.lua
[12:53:30.861][info] [#0:script/workspace/loading.lua:101]: Preload file at: file:///home/sn1peR/.local/share/nvim/mason/packages/lua-language-server/libexec/meta/LuaJIT%20en-us%20utf8/coroutine.lua , size = 2.541 KB
[12:53:30.862][info] [#0:script/workspace/loading.lua:113]: ++++As library of:	file:///home/sn1peR/.local/share/nvim/mason/packages/lua-language-server/libexec/meta/LuaJIT%20en-us%20utf8/coroutine.lua
[12:53:30.862][info] [#0:script/workspace/loading.lua:98]: Skip loaded file: file:///home/sn1peR/.local/share/nvim/mason/packages/lua-language-server/libexec/meta/LuaJIT%20en-us%20utf8/coroutine.lua
[12:53:30.862][info] [#0:script/workspace/loading.lua:101]: Preload file at: file:///home/sn1peR/.local/share/nvim/mason/packages/lua-language-server/libexec/meta/LuaJIT%20en-us%20utf8/builtin.lua , size = 0.302 KB
[12:53:30.863][info] [#0:script/workspace/loading.lua:113]: ++++As library of:	file:///home/sn1peR/.local/share/nvim/mason/packages/lua-language-server/libexec/meta/LuaJIT%20en-us%20utf8/builtin.lua
[12:53:30.863][info] [#0:script/workspace/loading.lua:98]: Skip loaded file: file:///home/sn1peR/.local/share/nvim/mason/packages/lua-language-server/libexec/meta/LuaJIT%20en-us%20utf8/builtin.lua
[12:53:30.863][info] [#0:script/workspace/loading.lua:98]: Skip loaded file: file:///home/sn1peR/.local/share/nvim/mason/packages/lua-language-server/libexec/meta/LuaJIT%20en-us%20utf8/math.lua
[12:53:30.863][info] [#0:script/workspace/loading.lua:101]: Preload file at: file:///home/sn1peR/nvim-linux64/share/nvim/runtime/lua/nvim/health.lua , size = 12.706 KB
[12:53:30.869][info] [#0:script/workspace/loading.lua:113]: ++++As library of:	file:///home/sn1peR/nvim-linux64/share/nvim/runtime/lua
[12:53:30.869][info] [#0:script/workspace/loading.lua:98]: Skip loaded file: file:///home/sn1peR/nvim-linux64/share/nvim/runtime/lua/nvim/health.lua
[12:53:30.869][info] [#0:script/workspace/loading.lua:101]: Preload file at: file:///home/sn1peR/nvim-linux64/share/nvim/runtime/lua/vim/diagnostic.lua , size = 56.640 KB
[12:53:30.886][info] [#0:script/workspace/loading.lua:113]: ++++As library of:	file:///home/sn1peR/nvim-linux64/share/nvim/runtime/lua
[12:53:30.886][info] [#0:script/workspace/loading.lua:98]: Skip loaded file: file:///home/sn1peR/nvim-linux64/share/nvim/runtime/lua/vim/diagnostic.lua
[12:53:30.886][info] [#0:script/workspace/loading.lua:101]: Preload file at: file:///home/sn1peR/nvim-linux64/share/nvim/runtime/lua/vim/filetype/detect.lua , size = 47.479 KB
[12:53:30.901][info] [#0:script/workspace/loading.lua:113]: ++++As library of:	file:///home/sn1peR/nvim-linux64/share/nvim/runtime/lua
[12:53:30.901][info] [#0:script/workspace/loading.lua:98]: Skip loaded file: file:///home/sn1peR/nvim-linux64/share/nvim/runtime/lua/vim/filetype/detect.lua
[12:53:30.901][info] [#0:script/workspace/loading.lua:101]: Preload file at: file:///home/sn1peR/nvim-linux64/share/nvim/runtime/lua/vim/filetype/options.lua , size = 2.561 KB
[12:53:30.903][info] [#0:script/workspace/loading.lua:113]: ++++As library of:	file:///home/sn1peR/nvim-linux64/share/nvim/runtime/lua
[12:53:30.903][info] [#0:script/workspace/loading.lua:98]: Skip loaded file: file:///home/sn1peR/nvim-linux64/share/nvim/runtime/lua/vim/filetype/options.lua
[12:53:30.903][info] [#0:script/workspace/loading.lua:101]: Preload file at: file:///home/sn1peR/nvim-linux64/share/nvim/runtime/lua/vim/lsp.lua , size = 82.409 KB
[12:53:30.928][info] [#0:script/workspace/loading.lua:113]: ++++As library of:	file:///home/sn1peR/nvim-linux64/share/nvim/runtime/lua
[12:53:30.928][info] [#0:script/workspace/loading.lua:98]: Skip loaded file: file:///home/sn1peR/nvim-linux64/share/nvim/runtime/lua/vim/lsp.lua
[12:53:30.928][info] [#0:script/workspace/loading.lua:101]: Preload file at: file:///home/sn1peR/nvim-linux64/share/nvim/runtime/lua/vim/fs.lua , size = 10.662 KB
[12:53:30.932][info] [#0:script/workspace/loading.lua:113]: ++++As library of:	file:///home/sn1peR/nvim-linux64/share/nvim/runtime/lua
[12:53:30.932][info] [#0:script/workspace/loading.lua:98]: Skip loaded file: file:///home/sn1peR/nvim-linux64/share/nvim/runtime/lua/vim/fs.lua
[12:53:30.932][info] [#0:script/workspace/loading.lua:101]: Preload file at: file:///home/sn1peR/nvim-linux64/share/nvim/runtime/lua/vim/shared.lua , size = 22.392 KB
[12:53:30.944][info] [#0:script/workspace/loading.lua:113]: ++++As library of:	file:///home/sn1peR/nvim-linux64/share/nvim/runtime/lua
[12:53:30.944][info] [#0:script/workspace/loading.lua:101]: Preload file at: file:///home/sn1peR/nvim-linux64/share/nvim/runtime/lua/vim/uri.lua , size = 3.376 KB
[12:53:30.945][info] [#0:script/workspace/loading.lua:113]: ++++As library of:	file:///home/sn1peR/nvim-linux64/share/nvim/runtime/lua
[12:53:30.945][info] [#0:script/workspace/loading.lua:98]: Skip loaded file: file:///home/sn1peR/nvim-linux64/share/nvim/runtime/lua/vim/uri.lua
[12:53:30.945][info] [#0:script/workspace/loading.lua:98]: Skip loaded file: file:///home/sn1peR/nvim-linux64/share/nvim/runtime/lua/vim/shared.lua
[12:53:30.945][info] [#0:script/workspace/loading.lua:101]: Preload file at: file:///home/sn1peR/nvim-linux64/share/nvim/runtime/lua/vim/F.lua , size = 0.824 KB
[12:53:30.946][info] [#0:script/workspace/loading.lua:113]: ++++As library of:	file:///home/sn1peR/nvim-linux64/share/nvim/runtime/lua
[12:53:30.946][info] [#0:script/workspace/loading.lua:98]: Skip loaded file: file:///home/sn1peR/nvim-linux64/share/nvim/runtime/lua/vim/F.lua
[12:53:30.946][info] [#0:script/workspace/loading.lua:101]: Preload file at: file:///home/sn1peR/nvim-linux64/share/nvim/runtime/lua/vim/_watch.lua , size = 5.115 KB
[12:53:30.948][info] [#0:script/workspace/loading.lua:113]: ++++As library of:	file:///home/sn1peR/nvim-linux64/share/nvim/runtime/lua
[12:53:30.948][info] [#0:script/workspace/loading.lua:98]: Skip loaded file: file:///home/sn1peR/nvim-linux64/share/nvim/runtime/lua/vim/_watch.lua
[12:53:30.948][info] [#0:script/workspace/loading.lua:101]: Preload file at: file:///home/sn1peR/nvim-linux64/share/nvim/runtime/lua/vim/highlight.lua , size = 3.749 KB
[12:53:30.949][info] [#0:script/workspace/loading.lua:113]: ++++As library of:	file:///home/sn1peR/nvim-linux64/share/nvim/runtime/lua
[12:53:30.949][info] [#0:script/workspace/loading.lua:98]: Skip loaded file: file:///home/sn1peR/nvim-linux64/share/nvim/runtime/lua/vim/highlight.lua
[12:53:30.949][info] [#0:script/workspace/loading.lua:101]: Preload file at: file:///home/sn1peR/nvim-linux64/share/nvim/runtime/lua/vim/keymap.lua , size = 3.573 KB
[12:53:30.950][info] [#0:script/workspace/loading.lua:113]: ++++As library of:	file:///home/sn1peR/nvim-linux64/share/nvim/runtime/lua
[12:53:30.950][info] [#0:script/workspace/loading.lua:98]: Skip loaded file: file:///home/sn1peR/nvim-linux64/share/nvim/runtime/lua/vim/keymap.lua
[12:53:30.950][info] [#0:script/workspace/loading.lua:101]: Preload file at: file:///home/sn1peR/nvim-linux64/share/nvim/runtime/lua/vim/_inspector.lua , size = 7.792 KB
[12:53:30.953][info] [#0:script/workspace/loading.lua:113]: ++++As library of:	file:///home/sn1peR/nvim-linux64/share/nvim/runtime/lua
[12:53:30.953][info] [#0:script/workspace/loading.lua:98]: Skip loaded file: file:///home/sn1peR/nvim-linux64/share/nvim/runtime/lua/vim/_inspector.lua
[12:53:30.953][info] [#0:script/workspace/loading.lua:101]: Preload file at: file:///home/sn1peR/nvim-linux64/share/nvim/runtime/lua/vim/treesitter/highlighter.lua , size = 8.609 KB
[12:53:30.957][info] [#0:script/workspace/loading.lua:113]: ++++As library of:	file:///home/sn1peR/nvim-linux64/share/nvim/runtime/lua
[12:53:30.957][info] [#0:script/workspace/loading.lua:98]: Skip loaded file: file:///home/sn1peR/nvim-linux64/share/nvim/runtime/lua/vim/treesitter/highlighter.lua
[12:53:30.957][info] [#0:script/workspace/loading.lua:101]: Preload file at: file:///home/sn1peR/nvim-linux64/share/nvim/runtime/lua/vim/treesitter/query.lua , size = 21.253 KB
[12:53:30.964][info] [#0:script/workspace/loading.lua:113]: ++++As library of:	file:///home/sn1peR/nvim-linux64/share/nvim/runtime/lua
[12:53:30.964][info] [#0:script/workspace/loading.lua:98]: Skip loaded file: file:///home/sn1peR/nvim-linux64/share/nvim/runtime/lua/vim/treesitter/query.lua
[12:53:30.964][info] [#0:script/workspace/loading.lua:101]: Preload file at: file:///home/sn1peR/nvim-linux64/share/nvim/runtime/lua/vim/treesitter/playground.lua , size = 12.551 KB
[12:53:30.969][info] [#0:script/workspace/loading.lua:113]: ++++As library of:	file:///home/sn1peR/nvim-linux64/share/nvim/runtime/lua
[12:53:30.969][info] [#0:script/workspace/loading.lua:98]: Skip loaded file: file:///home/sn1peR/nvim-linux64/share/nvim/runtime/lua/vim/treesitter/playground.lua
[12:53:30.969][info] [#0:script/workspace/loading.lua:101]: Preload file at: file:///home/sn1peR/nvim-linux64/share/nvim/runtime/lua/vim/treesitter/_fold.lua , size = 6.753 KB
[12:53:30.971][info] [#0:script/workspace/loading.lua:113]: ++++As library of:	file:///home/sn1peR/nvim-linux64/share/nvim/runtime/lua
[12:53:30.971][info] [#0:script/workspace/loading.lua:98]: Skip loaded file: file:///home/sn1peR/nvim-linux64/share/nvim/runtime/lua/vim/treesitter/_fold.lua
[12:53:30.971][info] [#0:script/workspace/loading.lua:101]: Preload file at: file:///home/sn1peR/nvim-linux64/share/nvim/runtime/lua/vim/treesitter/health.lua , size = 0.888 KB
[12:53:30.972][info] [#0:script/workspace/loading.lua:113]: ++++As library of:	file:///home/sn1peR/nvim-linux64/share/nvim/runtime/lua
[12:53:30.972][info] [#0:script/workspace/loading.lua:98]: Skip loaded file: file:///home/sn1peR/nvim-linux64/share/nvim/runtime/lua/vim/treesitter/health.lua
[12:53:30.972][info] [#0:script/workspace/loading.lua:101]: Preload file at: file:///home/sn1peR/nvim-linux64/share/nvim/runtime/lua/vim/treesitter/_meta.lua , size = 2.839 KB
[12:53:30.974][info] [#0:script/workspace/loading.lua:113]: ++++As library of:	file:///home/sn1peR/nvim-linux64/share/nvim/runtime/lua
[12:53:30.974][info] [#0:script/workspace/loading.lua:98]: Skip loaded file: file:///home/sn1peR/nvim-linux64/share/nvim/runtime/lua/vim/treesitter/_meta.lua
[12:53:30.974][info] [#0:script/workspace/loading.lua:101]: Preload file at: file:///home/sn1peR/nvim-linux64/share/nvim/runtime/lua/vim/treesitter/_range.lua , size = 3.646 KB
[12:53:30.975][info] [#0:script/workspace/loading.lua:113]: ++++As library of:	file:///home/sn1peR/nvim-linux64/share/nvim/runtime/lua
[12:53:30.975][info] [#0:script/workspace/loading.lua:98]: Skip loaded file: file:///home/sn1peR/nvim-linux64/share/nvim/runtime/lua/vim/treesitter/_range.lua
[12:53:30.976][info] [#0:script/workspace/loading.lua:101]: Preload file at: file:///home/sn1peR/nvim-linux64/share/nvim/runtime/lua/vim/treesitter/language.lua , size = 3.528 KB
[12:53:30.977][info] [#0:script/workspace/loading.lua:113]: ++++As library of:	file:///home/sn1peR/nvim-linux64/share/nvim/runtime/lua
[12:53:30.977][info] [#0:script/workspace/loading.lua:98]: Skip loaded file: file:///home/sn1peR/nvim-linux64/share/nvim/runtime/lua/vim/treesitter/language.lua
[12:53:30.977][info] [#0:script/workspace/loading.lua:101]: Preload file at: file:///home/sn1peR/nvim-linux64/share/nvim/runtime/lua/vim/treesitter/languagetree.lua , size = 26.168 KB
[12:53:30.993][info] [#0:script/workspace/loading.lua:113]: ++++As library of:	file:///home/sn1peR/nvim-linux64/share/nvim/runtime/lua
[12:53:30.993][info] [#0:script/workspace/loading.lua:98]: Skip loaded file: file:///home/sn1peR/nvim-linux64/share/nvim/runtime/lua/vim/treesitter/languagetree.lua
[12:53:30.993][info] [#0:script/workspace/loading.lua:101]: Preload file at: file:///home/sn1peR/nvim-linux64/share/nvim/runtime/lua/vim/lsp/protocol.lua , size = 28.367 KB
[12:53:30.997][info] [#0:script/workspace/loading.lua:113]: ++++As library of:	file:///home/sn1peR/nvim-linux64/share/nvim/runtime/lua
[12:53:30.997][info] [#0:script/workspace/loading.lua:98]: Skip loaded file: file:///home/sn1peR/nvim-linux64/share/nvim/runtime/lua/vim/lsp/protocol.lua
[12:53:30.997][info] [#0:script/workspace/loading.lua:101]: Preload file at: file:///home/sn1peR/nvim-linux64/share/nvim/runtime/lua/vim/lsp/_watchfiles.lua , size = 9.196 KB
[12:53:31.000][info] [#0:script/workspace/loading.lua:113]: ++++As library of:	file:///home/sn1peR/nvim-linux64/share/nvim/runtime/lua
[12:53:31.000][info] [#0:script/workspace/loading.lua:98]: Skip loaded file: file:///home/sn1peR/nvim-linux64/share/nvim/runtime/lua/vim/lsp/_watchfiles.lua
[12:53:31.000][info] [#0:script/workspace/loading.lua:101]: Preload file at: file:///home/sn1peR/nvim-linux64/share/nvim/runtime/lua/vim/lsp/tagfunc.lua , size = 2.339 KB
[12:53:31.001][info] [#0:script/workspace/loading.lua:113]: ++++As library of:	file:///home/sn1peR/nvim-linux64/share/nvim/runtime/lua
[12:53:31.001][info] [#0:script/workspace/loading.lua:98]: Skip loaded file: file:///home/sn1peR/nvim-linux64/share/nvim/runtime/lua/vim/lsp/tagfunc.lua
[12:53:31.001][info] [#0:script/workspace/loading.lua:101]: Preload file at: file:///home/sn1peR/nvim-linux64/share/nvim/runtime/lua/vim/lsp/diagnostic.lua , size = 8.867 KB
[12:53:31.004][info] [#0:script/workspace/loading.lua:113]: ++++As library of:	file:///home/sn1peR/nvim-linux64/share/nvim/runtime/lua
[12:53:31.004][info] [#0:script/workspace/loading.lua:98]: Skip loaded file: file:///home/sn1peR/nvim-linux64/share/nvim/runtime/lua/vim/lsp/diagnostic.lua
[12:53:31.004][info] [#0:script/workspace/loading.lua:101]: Preload file at: file:///home/sn1peR/nvim-linux64/share/nvim/runtime/lua/vim/lsp/util.lua , size = 70.763 KB
[12:53:31.025][info] [#0:script/workspace/loading.lua:113]: ++++As library of:	file:///home/sn1peR/nvim-linux64/share/nvim/runtime/lua
[12:53:31.025][info] [#0:script/workspace/loading.lua:98]: Skip loaded file: file:///home/sn1peR/nvim-linux64/share/nvim/runtime/lua/vim/lsp/util.lua
[12:53:31.025][info] [#0:script/workspace/loading.lua:101]: Preload file at: file:///home/sn1peR/nvim-linux64/share/nvim/runtime/lua/vim/lsp/sync.lua , size = 15.681 KB
[12:53:31.029][info] [#0:script/workspace/loading.lua:113]: ++++As library of:	file:///home/sn1peR/nvim-linux64/share/nvim/runtime/lua
[12:53:31.029][info] [#0:script/workspace/loading.lua:98]: Skip loaded file: file:///home/sn1peR/nvim-linux64/share/nvim/runtime/lua/vim/lsp/sync.lua
[12:53:31.029][info] [#0:script/workspace/loading.lua:101]: Preload file at: file:///home/sn1peR/nvim-linux64/share/nvim/runtime/lua/vim/lsp/semantic_tokens.lua , size = 24.755 KB
[12:53:31.036][info] [#0:script/workspace/loading.lua:113]: ++++As library of:	file:///home/sn1peR/nvim-linux64/share/nvim/runtime/lua
[12:53:31.036][info] [#0:script/workspace/loading.lua:101]: Preload file at: file:///home/sn1peR/nvim-linux64/share/nvim/runtime/lua/vim/lsp/codelens.lua , size = 8.261 KB
[12:53:31.039][info] [#0:script/workspace/loading.lua:113]: ++++As library of:	file:///home/sn1peR/nvim-linux64/share/nvim/runtime/lua
[12:53:31.039][info] [#0:script/workspace/loading.lua:98]: Skip loaded file: file:///home/sn1peR/nvim-linux64/share/nvim/runtime/lua/vim/lsp/semantic_tokens.lua
[12:53:31.039][info] [#0:script/workspace/loading.lua:98]: Skip loaded file: file:///home/sn1peR/nvim-linux64/share/nvim/runtime/lua/vim/lsp/codelens.lua
[12:53:31.039][info] [#0:script/workspace/loading.lua:101]: Preload file at: file:///home/sn1peR/nvim-linux64/share/nvim/runtime/lua/vim/lsp/log.lua , size = 5.151 KB
[12:53:31.040][info] [#0:script/workspace/loading.lua:113]: ++++As library of:	file:///home/sn1peR/nvim-linux64/share/nvim/runtime/lua
[12:53:31.040][info] [#0:script/workspace/loading.lua:98]: Skip loaded file: file:///home/sn1peR/nvim-linux64/share/nvim/runtime/lua/vim/lsp/log.lua
[12:53:31.041][info] [#0:script/workspace/loading.lua:101]: Preload file at: file:///home/sn1peR/nvim-linux64/share/nvim/runtime/lua/vim/lsp/types.lua , size = 0.924 KB
[12:53:31.041][info] [#0:script/workspace/loading.lua:113]: ++++As library of:	file:///home/sn1peR/nvim-linux64/share/nvim/runtime/lua
[12:53:31.041][info] [#0:script/workspace/loading.lua:98]: Skip loaded file: file:///home/sn1peR/nvim-linux64/share/nvim/runtime/lua/vim/lsp/types.lua
[12:53:31.041][info] [#0:script/workspace/loading.lua:101]: Preload file at: file:///home/sn1peR/nvim-linux64/share/nvim/runtime/lua/vim/lsp/health.lua , size = 1.240 KB
[12:53:31.056][info] [#0:script/workspace/loading.lua:113]: ++++As library of:	file:///home/sn1peR/nvim-linux64/share/nvim/runtime/lua
[12:53:31.056][info] [#0:script/workspace/loading.lua:98]: Skip loaded file: file:///home/sn1peR/nvim-linux64/share/nvim/runtime/lua/vim/lsp/health.lua
[12:53:31.056][info] [#0:script/workspace/loading.lua:101]: Preload file at: file:///home/sn1peR/nvim-linux64/share/nvim/runtime/lua/vim/lsp/rpc.lua , size = 23.695 KB
[12:53:31.064][info] [#0:script/workspace/loading.lua:113]: ++++As library of:	file:///home/sn1peR/nvim-linux64/share/nvim/runtime/lua
[12:53:31.064][info] [#0:script/workspace/loading.lua:98]: Skip loaded file: file:///home/sn1peR/nvim-linux64/share/nvim/runtime/lua/vim/lsp/rpc.lua
[12:53:31.064][info] [#0:script/workspace/loading.lua:101]: Preload file at: file:///home/sn1peR/nvim-linux64/share/nvim/runtime/lua/vim/lsp/_snippet.lua , size = 10.744 KB
[12:53:31.068][info] [#0:script/workspace/loading.lua:113]: ++++As library of:	file:///home/sn1peR/nvim-linux64/share/nvim/runtime/lua
[12:53:31.068][info] [#0:script/workspace/loading.lua:98]: Skip loaded file: file:///home/sn1peR/nvim-linux64/share/nvim/runtime/lua/vim/lsp/_snippet.lua
[12:53:31.068][info] [#0:script/workspace/loading.lua:101]: Preload file at: file:///home/sn1peR/nvim-linux64/share/nvim/runtime/lua/vim/lsp/handlers.lua , size = 23.587 KB
[12:53:31.076][info] [#0:script/workspace/loading.lua:113]: ++++As library of:	file:///home/sn1peR/nvim-linux64/share/nvim/runtime/lua
[12:53:31.076][info] [#0:script/workspace/loading.lua:89]: Skip loaded file: file:///home/sn1peR/nvim-linux64/share/nvim/runtime/lua/vim/lsp/handlers.lua
[12:53:31.076][info] [#0:script/workspace/loading.lua:113]: ++++As library of:	file:///home/sn1peR/nvim-linux64/share/nvim/runtime/lua
[12:53:31.076][info] [#0:script/workspace/loading.lua:101]: Preload file at: file:///home/sn1peR/nvim-linux64/share/nvim/runtime/lua/vim/lsp/buf.lua , size = 27.860 KB
[12:53:31.083][info] [#0:script/workspace/loading.lua:113]: ++++As library of:	file:///home/sn1peR/nvim-linux64/share/nvim/runtime/lua
[12:53:31.083][info] [#0:script/workspace/loading.lua:98]: Skip loaded file: file:///home/sn1peR/nvim-linux64/share/nvim/runtime/lua/vim/lsp/buf.lua
[12:53:31.083][info] [#0:script/workspace/loading.lua:101]: Preload file at: file:///home/sn1peR/nvim-linux64/share/nvim/runtime/lua/vim/secure.lua , size = 4.830 KB
[12:53:31.085][info] [#0:script/workspace/loading.lua:113]: ++++As library of:	file:///home/sn1peR/nvim-linux64/share/nvim/runtime/lua
[12:53:31.085][info] [#0:script/workspace/loading.lua:98]: Skip loaded file: file:///home/sn1peR/nvim-linux64/share/nvim/runtime/lua/vim/secure.lua
[12:53:31.085][info] [#0:script/workspace/loading.lua:101]: Preload file at: file:///home/sn1peR/nvim-linux64/share/nvim/runtime/lua/vim/_editor.lua , size = 29.339 KB
[12:53:31.095][info] [#0:script/workspace/loading.lua:113]: ++++As library of:	file:///home/sn1peR/nvim-linux64/share/nvim/runtime/lua
[12:53:31.095][info] [#0:script/workspace/loading.lua:98]: Skip loaded file: file:///home/sn1peR/nvim-linux64/share/nvim/runtime/lua/vim/_editor.lua
[12:53:31.095][info] [#0:script/workspace/loading.lua:101]: Preload file at: file:///home/sn1peR/nvim-linux64/share/nvim/runtime/lua/vim/filetype.lua , size = 74.400 KB
[12:53:31.118][info] [#0:script/workspace/loading.lua:113]: ++++As library of:	file:///home/sn1peR/nvim-linux64/share/nvim/runtime/lua
[12:53:31.118][info] [#0:script/workspace/loading.lua:98]: Skip loaded file: file:///home/sn1peR/nvim-linux64/share/nvim/runtime/lua/vim/filetype.lua
[12:53:31.118][info] [#0:script/workspace/loading.lua:101]: Preload file at: file:///home/sn1peR/nvim-linux64/share/nvim/runtime/lua/vim/ui.lua , size = 3.672 KB
[12:53:31.119][info] [#0:script/workspace/loading.lua:113]: ++++As library of:	file:///home/sn1peR/nvim-linux64/share/nvim/runtime/lua
[12:53:31.119][info] [#0:script/workspace/loading.lua:98]: Skip loaded file: file:///home/sn1peR/nvim-linux64/share/nvim/runtime/lua/vim/ui.lua
[12:53:31.119][info] [#0:script/workspace/loading.lua:101]: Preload file at: file:///home/sn1peR/nvim-linux64/share/nvim/runtime/lua/vim/health.lua , size = 1.537 KB
[12:53:31.120][info] [#0:script/workspace/loading.lua:113]: ++++As library of:	file:///home/sn1peR/nvim-linux64/share/nvim/runtime/lua
[12:53:31.120][info] [#0:script/workspace/loading.lua:89]: Skip loaded file: file:///home/sn1peR/nvim-linux64/share/nvim/runtime/lua/vim/health.lua
[12:53:31.120][info] [#0:script/workspace/loading.lua:113]: ++++As library of:	file:///home/sn1peR/nvim-linux64/share/nvim/runtime/lua
[12:53:31.121][info] [#0:script/workspace/loading.lua:101]: Preload file at: file:///home/sn1peR/nvim-linux64/share/nvim/runtime/lua/vim/_init_packages.lua , size = 2.773 KB
[12:53:31.122][info] [#0:script/workspace/loading.lua:113]: ++++As library of:	file:///home/sn1peR/nvim-linux64/share/nvim/runtime/lua
[12:53:31.122][info] [#0:script/workspace/loading.lua:98]: Skip loaded file: file:///home/sn1peR/nvim-linux64/share/nvim/runtime/lua/vim/_init_packages.lua
[12:53:31.122][info] [#0:script/workspace/loading.lua:101]: Preload file at: file:///home/sn1peR/nvim-linux64/share/nvim/runtime/lua/vim/version.lua , size = 12.146 KB
[12:53:31.127][info] [#0:script/workspace/loading.lua:113]: ++++As library of:	file:///home/sn1peR/nvim-linux64/share/nvim/runtime/lua
[12:53:31.127][info] [#0:script/workspace/loading.lua:98]: Skip loaded file: file:///home/sn1peR/nvim-linux64/share/nvim/runtime/lua/vim/version.lua
[12:53:31.127][info] [#0:script/workspace/loading.lua:101]: Preload file at: file:///home/sn1peR/nvim-linux64/share/nvim/runtime/lua/vim/_meta.lua , size = 12.077 KB
[12:53:31.131][info] [#0:script/workspace/loading.lua:113]: ++++As library of:	file:///home/sn1peR/nvim-linux64/share/nvim/runtime/lua
[12:53:31.131][info] [#0:script/workspace/loading.lua:98]: Skip loaded file: file:///home/sn1peR/nvim-linux64/share/nvim/runtime/lua/vim/_meta.lua
[12:53:31.131][info] [#0:script/workspace/loading.lua:101]: Preload file at: file:///home/sn1peR/nvim-linux64/share/nvim/runtime/lua/vim/loader.lua , size = 15.990 KB
[12:53:31.138][info] [#0:script/workspace/loading.lua:113]: ++++As library of:	file:///home/sn1peR/nvim-linux64/share/nvim/runtime/lua
[12:53:31.138][info] [#0:script/workspace/loading.lua:98]: Skip loaded file: file:///home/sn1peR/nvim-linux64/share/nvim/runtime/lua/vim/loader.lua
[12:53:31.138][info] [#0:script/workspace/loading.lua:101]: Preload file at: file:///home/sn1peR/nvim-linux64/share/nvim/runtime/lua/vim/treesitter.lua , size = 15.442 KB
[12:53:31.143][info] [#0:script/workspace/loading.lua:113]: ++++As library of:	file:///home/sn1peR/nvim-linux64/share/nvim/runtime/lua
[12:53:31.143][info] [#0:script/workspace/loading.lua:98]: Skip loaded file: file:///home/sn1peR/nvim-linux64/share/nvim/runtime/lua/vim/treesitter.lua
[12:53:31.143][info] [#0:script/workspace/loading.lua:101]: Preload file at: file:///home/sn1peR/nvim-linux64/share/nvim/runtime/lua/vim/inspect.lua , size = 8.864 KB
[12:53:31.167][info] [#0:script/workspace/loading.lua:113]: ++++As library of:	file:///home/sn1peR/nvim-linux64/share/nvim/runtime/lua
[12:53:31.167][info] [#0:script/workspace/loading.lua:98]: Skip loaded file: file:///home/sn1peR/nvim-linux64/share/nvim/runtime/lua/vim/inspect.lua
[12:53:31.167][info] [#0:script/workspace/loading.lua:101]: Preload file at: file:///home/sn1peR/nvim-linux64/share/nvim/runtime/lua/editorconfig.lua , size = 6.716 KB
[12:53:31.169][info] [#0:script/workspace/loading.lua:113]: ++++As library of:	file:///home/sn1peR/nvim-linux64/share/nvim/runtime/lua
[12:53:31.169][info] [#0:script/workspace/loading.lua:98]: Skip loaded file: file:///home/sn1peR/nvim-linux64/share/nvim/runtime/lua/editorconfig.lua
[12:53:31.169][info] [#0:script/workspace/loading.lua:101]: Preload file at: file:///home/sn1peR/nvim-linux64/share/nvim/runtime/lua/_vim9script.lua , size = 15.439 KB
[12:53:31.175][info] [#0:script/workspace/loading.lua:113]: ++++As library of:	file:///home/sn1peR/nvim-linux64/share/nvim/runtime/lua
[12:53:31.175][info] [#0:script/workspace/loading.lua:98]: Skip loaded file: file:///home/sn1peR/nvim-linux64/share/nvim/runtime/lua/_vim9script.lua
[12:53:31.175][info] [#0:script/workspace/loading.lua:101]: Preload file at: file:///home/sn1peR/nvim-linux64/share/nvim/runtime/lua/man.lua , size = 24.703 KB
[12:53:31.184][info] [#0:script/workspace/loading.lua:113]: ++++As library of:	file:///home/sn1peR/nvim-linux64/share/nvim/runtime/lua
[12:53:31.184][info] [#0:script/workspace/loading.lua:98]: Skip loaded file: file:///home/sn1peR/nvim-linux64/share/nvim/runtime/lua/man.lua
[12:53:31.184][info] [#0:script/workspace/loading.lua:101]: Preload file at: file:///home/sn1peR/.local/share/nvim/mason/packages/lua-language-server/libexec/meta/LuaJIT%20en-us%20utf8/os.lua , size = 5.600 KB
[12:53:31.185][info] [#0:script/workspace/loading.lua:113]: ++++As library of:	file:///home/sn1peR/.local/share/nvim/mason/packages/lua-language-server/libexec/meta/LuaJIT%20en-us%20utf8/os.lua
[12:53:31.185][info] [#0:script/workspace/loading.lua:98]: Skip loaded file: file:///home/sn1peR/.local/share/nvim/mason/packages/lua-language-server/libexec/meta/LuaJIT%20en-us%20utf8/os.lua
[12:53:31.185][info] [#0:script/workspace/loading.lua:101]: Preload file at: file:///home/sn1peR/.local/share/nvim/mason/packages/lua-language-server/libexec/meta/LuaJIT%20en-us%20utf8/table.lua , size = 4.230 KB
[12:53:31.187][info] [#0:script/workspace/loading.lua:113]: ++++As library of:	file:///home/sn1peR/.local/share/nvim/mason/packages/lua-language-server/libexec/meta/LuaJIT%20en-us%20utf8/table.lua
[12:53:31.187][info] [#0:script/workspace/loading.lua:98]: Skip loaded file: file:///home/sn1peR/.local/share/nvim/mason/packages/lua-language-server/libexec/meta/LuaJIT%20en-us%20utf8/table.lua
[12:53:31.187][info] [#0:script/workspace/loading.lua:101]: Preload file at: file:///home/sn1peR/.local/share/nvim/mason/packages/lua-language-server/libexec/meta/LuaJIT%20en-us%20utf8/io.lua , size = 6.364 KB
[12:53:31.189][info] [#0:script/workspace/loading.lua:113]: ++++As library of:	file:///home/sn1peR/.local/share/nvim/mason/packages/lua-language-server/libexec/meta/LuaJIT%20en-us%20utf8/io.lua
[12:53:31.189][info] [#0:script/workspace/loading.lua:98]: Skip loaded file: file:///home/sn1peR/.local/share/nvim/mason/packages/lua-language-server/libexec/meta/LuaJIT%20en-us%20utf8/io.lua
[12:53:31.189][info] [#0:script/workspace/loading.lua:101]: Preload file at: file:///home/sn1peR/.local/share/nvim/mason/packages/lua-language-server/libexec/meta/LuaJIT%20en-us%20utf8/jit/util.lua , size = 1.984 KB
[12:53:31.190][info] [#0:script/workspace/loading.lua:113]: ++++As library of:	file:///home/sn1peR/.local/share/nvim/mason/packages/lua-language-server/libexec/meta/LuaJIT%20en-us%20utf8/jit/util.lua
[12:53:31.190][info] [#0:script/workspace/loading.lua:98]: Skip loaded file: file:///home/sn1peR/.local/share/nvim/mason/packages/lua-language-server/libexec/meta/LuaJIT%20en-us%20utf8/jit/util.lua
[12:53:31.190][info] [#0:script/workspace/loading.lua:101]: Preload file at: file:///home/sn1peR/.local/share/nvim/mason/packages/lua-language-server/libexec/meta/LuaJIT%20en-us%20utf8/package.lua , size = 2.699 KB
[12:53:31.191][info] [#0:script/workspace/loading.lua:113]: ++++As library of:	file:///home/sn1peR/.local/share/nvim/mason/packages/lua-language-server/libexec/meta/LuaJIT%20en-us%20utf8/package.lua
[12:53:31.191][info] [#0:script/workspace/loading.lua:98]: Skip loaded file: file:///home/sn1peR/.local/share/nvim/mason/packages/lua-language-server/libexec/meta/LuaJIT%20en-us%20utf8/package.lua
[12:53:31.191][info] [#0:script/workspace/loading.lua:101]: Preload file at: file:///home/sn1peR/.config/nvim/lua/base/packer.lua , size = 1.719 KB
[12:53:31.192][info] [#0:script/workspace/loading.lua:113]: ++++As library of:	file:///home/sn1peR/.config/nvim/lua
[12:53:31.192][info] [#0:script/workspace/loading.lua:98]: Skip loaded file: file:///home/sn1peR/.config/nvim/lua/base/packer.lua
[12:53:31.192][info] [#0:script/workspace/loading.lua:101]: Preload file at: file:///home/sn1peR/.config/nvim/lua/base/init.lua , size = 0.044 KB
[12:53:31.192][info] [#0:script/workspace/loading.lua:113]: ++++As library of:	file:///home/sn1peR/.config/nvim/lua
[12:53:31.192][info] [#0:script/workspace/loading.lua:98]: Skip loaded file: file:///home/sn1peR/.config/nvim/lua/base/init.lua
[12:53:31.192][info] [#0:script/workspace/loading.lua:101]: Preload file at: file:///home/sn1peR/.config/nvim/lua/base/remap.lua , size = 0.021 KB
[12:53:31.192][info] [#0:script/workspace/loading.lua:113]: ++++As library of:	file:///home/sn1peR/.config/nvim/lua
[12:53:31.192][info] [#0:script/workspace/loading.lua:98]: Skip loaded file: file:///home/sn1peR/.config/nvim/lua/base/remap.lua
[12:53:31.192][info] [#0:script/workspace/loading.lua:101]: Preload file at: file:///home/sn1peR/.local/share/nvim/mason/packages/lua-language-server/libexec/meta/LuaJIT%20en-us%20utf8/string.lua , size = 6.323 KB
[12:53:31.194][info] [#0:script/workspace/loading.lua:113]: ++++As library of:	file:///home/sn1peR/.local/share/nvim/mason/packages/lua-language-server/libexec/meta/LuaJIT%20en-us%20utf8/string.lua
[12:53:31.194][info] [#0:script/workspace/loading.lua:98]: Skip loaded file: file:///home/sn1peR/.local/share/nvim/mason/packages/lua-language-server/libexec/meta/LuaJIT%20en-us%20utf8/string.lua
[12:53:31.194][info] [#0:script/workspace/loading.lua:101]: Preload file at: file:///home/sn1peR/.local/share/nvim/mason/packages/lua-language-server/libexec/meta/LuaJIT%20en-us%20utf8/bit.lua , size = 1.320 KB
[12:53:31.195][info] [#0:script/workspace/loading.lua:113]: ++++As library of:	file:///home/sn1peR/.local/share/nvim/mason/packages/lua-language-server/libexec/meta/LuaJIT%20en-us%20utf8/bit.lua
[12:53:31.195][info] [#0:script/workspace/loading.lua:89]: Skip loaded file: file:///home/sn1peR/.local/share/nvim/mason/packages/lua-language-server/libexec/meta/LuaJIT%20en-us%20utf8/bit.lua
[12:53:31.195][info] [#0:script/workspace/loading.lua:113]: ++++As library of:	file:///home/sn1peR/.local/share/nvim/mason/packages/lua-language-server/libexec/meta/LuaJIT%20en-us%20utf8/bit.lua
[12:53:31.195][info] [#0:script/workspace/loading.lua:101]: Preload file at: file:///home/sn1peR/.local/share/nvim/mason/packages/lua-language-server/libexec/meta/LuaJIT%20en-us%20utf8/table/new.lua , size = 0.642 KB
[12:53:31.195][info] [#0:script/workspace/loading.lua:113]: ++++As library of:	file:///home/sn1peR/.local/share/nvim/mason/packages/lua-language-server/libexec/meta/LuaJIT%20en-us%20utf8/table/new.lua
[12:53:31.195][info] [#0:script/workspace/loading.lua:98]: Skip loaded file: file:///home/sn1peR/.local/share/nvim/mason/packages/lua-language-server/libexec/meta/LuaJIT%20en-us%20utf8/table/new.lua
[12:53:31.195][info] [#0:script/workspace/loading.lua:101]: Preload file at: file:///home/sn1peR/.local/share/nvim/mason/packages/lua-language-server/libexec/meta/LuaJIT%20en-us%20utf8/string/buffer.lua , size = 18.123 KB
[12:53:31.198][info] [#0:script/workspace/loading.lua:113]: ++++As library of:	file:///home/sn1peR/.local/share/nvim/mason/packages/lua-language-server/libexec/meta/LuaJIT%20en-us%20utf8/string/buffer.lua
[12:53:31.198][info] [#0:script/workspace/loading.lua:101]: Preload file at: file:///home/sn1peR/.local/share/nvim/mason/packages/lua-language-server/libexec/meta/LuaJIT%20en-us%20utf8/debug.lua , size = 7.310 KB
[12:53:31.200][info] [#0:script/workspace/loading.lua:113]: ++++As library of:	file:///home/sn1peR/.local/share/nvim/mason/packages/lua-language-server/libexec/meta/LuaJIT%20en-us%20utf8/debug.lua
[12:53:31.200][info] [#0:script/workspace/loading.lua:98]: Skip loaded file: file:///home/sn1peR/.local/share/nvim/mason/packages/lua-language-server/libexec/meta/LuaJIT%20en-us%20utf8/string/buffer.lua
[12:53:31.200][info] [#0:script/workspace/loading.lua:89]: Skip loaded file: file:///home/sn1peR/.local/share/nvim/mason/packages/lua-language-server/libexec/meta/LuaJIT%20en-us%20utf8/debug.lua
[12:53:31.200][info] [#0:script/workspace/loading.lua:113]: ++++As library of:	file:///home/sn1peR/.local/share/nvim/mason/packages/lua-language-server/libexec/meta/LuaJIT%20en-us%20utf8/debug.lua
[12:53:31.200][info] [#0:script/workspace/loading.lua:101]: Preload file at: file:///home/sn1peR/.local/share/nvim/mason/packages/lua-language-server/libexec/meta/LuaJIT%20en-us%20utf8/jit.lua , size = 0.884 KB
[12:53:31.201][info] [#0:script/workspace/loading.lua:113]: ++++As library of:	file:///home/sn1peR/.local/share/nvim/mason/packages/lua-language-server/libexec/meta/LuaJIT%20en-us%20utf8/jit.lua
[12:53:31.201][info] [#0:script/workspace/loading.lua:98]: Skip loaded file: file:///home/sn1peR/.local/share/nvim/mason/packages/lua-language-server/libexec/meta/LuaJIT%20en-us%20utf8/jit.lua
[12:53:31.201][info] [#0:script/workspace/loading.lua:101]: Preload file at: file:///home/sn1peR/.local/share/nvim/mason/packages/lua-language-server/libexec/meta/LuaJIT%20en-us%20utf8/basic.lua , size = 14.989 KB
[12:53:31.205][info] [#0:script/workspace/loading.lua:113]: ++++As library of:	file:///home/sn1peR/.local/share/nvim/mason/packages/lua-language-server/libexec/meta/LuaJIT%20en-us%20utf8/basic.lua
[12:53:31.205][info] [#0:script/workspace/loading.lua:98]: Skip loaded file: file:///home/sn1peR/.local/share/nvim/mason/packages/lua-language-server/libexec/meta/LuaJIT%20en-us%20utf8/basic.lua
[12:53:31.205][info] [#0:script/workspace/loading.lua:101]: Preload file at: file:///home/sn1peR/.local/share/nvim/mason/packages/lua-language-server/libexec/meta/LuaJIT%20en-us%20utf8/ffi.lua , size = 2.529 KB
[12:53:31.207][info] [#0:script/workspace/loading.lua:113]: ++++As library of:	file:///home/sn1peR/.local/share/nvim/mason/packages/lua-language-server/libexec/meta/LuaJIT%20en-us%20utf8/ffi.lua
[12:53:31.207][info] [#0:script/workspace/loading.lua:98]: Skip loaded file: file:///home/sn1peR/.local/share/nvim/mason/packages/lua-language-server/libexec/meta/LuaJIT%20en-us%20utf8/ffi.lua
[12:53:31.207][info] [#0:script/workspace/loading.lua:101]: Preload file at: file:///home/sn1peR/.local/share/nvim/mason/packages/lua-language-server/libexec/meta/LuaJIT%20en-us%20utf8/table/clear.lua , size = 0.797 KB
[12:53:31.207][info] [#0:script/workspace/loading.lua:113]: ++++As library of:	file:///home/sn1peR/.local/share/nvim/mason/packages/lua-language-server/libexec/meta/LuaJIT%20en-us%20utf8/table/clear.lua
[12:53:31.207][info] [#0:script/workspace/loading.lua:89]: Skip loaded file: file:///home/sn1peR/.local/share/nvim/mason/packages/lua-language-server/libexec/meta/LuaJIT%20en-us%20utf8/table/clear.lua
[12:53:31.207][info] [#0:script/workspace/loading.lua:113]: ++++As library of:	file:///home/sn1peR/.local/share/nvim/mason/packages/lua-language-server/libexec/meta/LuaJIT%20en-us%20utf8/table/clear.lua
[12:53:31.207][info] [#0:script/workspace/loading.lua:101]: Preload file at: file:///home/sn1peR/.local/share/nvim/mason/packages/lua-language-server/libexec/meta/LuaJIT%20en-us%20utf8/jit/profile.lua , size = 0.348 KB
[12:53:31.208][info] [#0:script/workspace/loading.lua:113]: ++++As library of:	file:///home/sn1peR/.local/share/nvim/mason/packages/lua-language-server/libexec/meta/LuaJIT%20en-us%20utf8/jit/profile.lua
[12:53:31.208][info] [#0:script/workspace/loading.lua:98]: Skip loaded file: file:///home/sn1peR/.local/share/nvim/mason/packages/lua-language-server/libexec/meta/LuaJIT%20en-us%20utf8/jit/profile.lua
[12:53:31.208][info] [#0:script/workspace/loading.lua:173]: Loaded files takes [0.355] sec: <fallback>
[12:53:31.208][info] [#0:script/workspace/loading.lua:182]: Compile files takes [0.000] sec: <fallback>
[12:53:31.208][info] [#0:script/workspace/loading.lua:183]: Loaded finish:	<fallback>
[12:53:31.208][info] [#0:script/workspace/workspace.lua:381]: Preload finish at:	<fallback>
[12:53:31.216][info] [#0:script/workspace/loading.lua:89]: Skip loaded file: file:///home/sn1peR/.config/nvim/lua/base/packer.lua
[12:53:31.219][info] [#0:script/workspace/loading.lua:89]: Skip loaded file: file:///home/sn1peR/.config/nvim/lua/base/init.lua
[12:53:31.220][info] [#0:script/workspace/loading.lua:89]: Skip loaded file: file:///home/sn1peR/.config/nvim/lua/base/remap.lua
[12:53:31.222][info] [#0:script/workspace/loading.lua:173]: Loaded files takes [0.369] sec: file:///home/sn1peR/.config/nvim/lua/
[12:53:31.222][info] [#0:script/workspace/loading.lua:182]: Compile files takes [0.000] sec: file:///home/sn1peR/.config/nvim/lua/
[12:53:31.222][info] [#0:script/workspace/loading.lua:183]: Loaded finish:	file:///home/sn1peR/.config/nvim/lua/
[12:53:31.222][info] [#0:script/workspace/workspace.lua:381]: Preload finish at:	file:///home/sn1peR/.config/nvim/lua/
[12:53:31.227][info] [#0:script/provider/diagnostic.lua:557]: Diagnostics scope [file:///home/sn1peR/.config/nvim/lua/], files count:[72]
[12:53:31.245][info] [#0:script/provider/diagnostic.lua:574]: Diagnostics scope [file:///home/sn1peR/.config/nvim/lua/] finished, takes [0.018] sec.
[12:54:07.918][info] [#0:script/provider/provider.lua:169]: Server shutdown.
[12:54:08.018][info] [#0:script/provider/provider.lua:162]: Server exited.
